<?xml version="1.0" encoding="UTF-8"?>
<!-- Generated by org.testng.reporters.JUnitReportReporter -->
<testsuite hostname="DESKTOP-1BGVCMF" failures="0" tests="1" name="test.google" time="6.442" errors="0" timestamp="2021-06-22T21:29:35 EDT" skipped="0">
  <testcase classname="test.google" name="titleValidation" time="6.442"/>
  <system-out/>
</testsuite> <!-- test.google -->
